#
# There is insufficient memory for the Java Runtime Environment to continue.
# Native memory allocation (malloc) failed to allocate 1048576 bytes for AllocateHeap
# Possible reasons:
#   The system is out of physical RAM or swap space
#   In 32 bit mode, the process size limit was hit
# Possible solutions:
#   Reduce memory load on the system
#   Increase physical memory or swap space
#   Check if swap backing store is full
#   Use 64 bit Java on a 64 bit OS
#   Decrease Java heap size (-Xmx/-Xms)
#   Decrease number of Java threads
#   Decrease Java thread stack sizes (-Xss)
#   Set larger code cache with -XX:ReservedCodeCacheSize=
# This output file may be truncated or incomplete.
#
#  Out of Memory Error (memory/allocation.inline.hpp:61), pid=5496, tid=0x0000000000002420
#
# JRE version:  (8.0_111-b14) (build )
# Java VM: Java HotSpot(TM) 64-Bit Server VM (25.111-b14 mixed mode windows-amd64 compressed oops)
# Failed to write core dump. Minidumps are not enabled by default on client versions of Windows
#

---------------  T H R E A D  ---------------

Current thread (0x0000000002640800):  JavaThread "Unknown thread" [_thread_in_vm, id=9248, stack(0x0000000000d60000,0x0000000000e60000)]

Stack: [0x0000000000d60000,0x0000000000e60000]
[error occurred during error reporting (printing stack bounds), id 0xc0000005]

Native frames: (J=compiled Java code, j=interpreted, Vv=VM code, C=native code)


---------------  P R O C E S S  ---------------

Java Threads: ( => current thread )

Other Threads:

=>0x0000000002640800 (exited) JavaThread "Unknown thread" [_thread_in_vm, id=9248, stack(0x0000000000d60000,0x0000000000e60000)]

VM state:not at safepoint (normal execution)

VM Mutex/Monitor currently owned by a thread: None

Heap:
 PSYoungGen      total 35840K, used 614K [0x00000000d8580000, 0x00000000dad80000, 0x0000000100000000)
  eden space 30720K, 2% used [0x00000000d8580000,0x00000000d86199a8,0x00000000da380000)
  from space 5120K, 0% used [0x00000000da880000,0x00000000da880000,0x00000000dad80000)
  to   space 5120K, 0% used [0x00000000da380000,0x00000000da380000,0x00000000da880000)
 ParOldGen       total 81920K, used 0K [0x0000000089000000, 0x000000008e000000, 0x00000000d8580000)
  object space 81920K, 0% used [0x0000000089000000,0x0000000089000000,0x000000008e000000)
 Metaspace       used 770K, capacity 4480K, committed 4480K, reserved 1056768K
  class space    used 75K, capacity 384K, committed 384K, reserved 1048576K

Card table byte_map: [0x0000000011be0000,0x0000000011fa0000] byte_map_base: 0x0000000011798000

Marking Bits: (ParMarkBitMap*) 0x00000000526aa6c0
 Begin Bits: [0x0000000012620000, 0x00000000143e0000)
 End Bits:   [0x00000000143e0000, 0x00000000161a0000)

Polling page: 0x0000000000930000

CodeCache: size=245760Kb used=328Kb max_used=328Kb free=245431Kb
 bounds [0x0000000002820000, 0x0000000002a90000, 0x0000000011820000]
 total_blobs=58 nmethods=0 adapters=38
 compilation: enabled

Compilation events (0 events):
No events

GC Heap History (0 events):
No events

Deoptimization events (0 events):
No events

Internal exceptions (0 events):
No events

Events (10 events):
Event: 0.029 loading class java/lang/Short
Event: 0.029 loading class java/lang/Short done
Event: 0.029 loading class java/lang/Integer
Event: 0.029 loading class java/lang/Integer done
Event: 0.029 loading class java/lang/Long
Event: 0.029 loading class java/lang/Long done
Event: 0.030 loading class java/lang/NullPointerException
Event: 0.030 loading class java/lang/NullPointerException done
Event: 0.030 loading class java/lang/ArithmeticException
Event: 0.030 loading class java/lang/ArithmeticException done


Dynamic libraries:
0x00007ff787370000 - 0x00007ff7873a7000 	C:\Program Files\Java\jdk1.8.0_111\bin\java.exe
0x00007ffbbf1f0000 - 0x00007ffbbf3e8000 	C:\WINDOWS\SYSTEM32\ntdll.dll
0x00007ffbbd8a0000 - 0x00007ffbbd961000 	C:\WINDOWS\System32\KERNEL32.DLL
0x00007ffbbce00000 - 0x00007ffbbd0fd000 	C:\WINDOWS\System32\KERNELBASE.dll
0x00007ffbbd970000 - 0x00007ffbbda20000 	C:\WINDOWS\System32\ADVAPI32.dll
0x00007ffbbda20000 - 0x00007ffbbdabe000 	C:\WINDOWS\System32\msvcrt.dll
0x00007ffbbe8a0000 - 0x00007ffbbe940000 	C:\WINDOWS\System32\sechost.dll
0x00007ffbbd280000 - 0x00007ffbbd3a3000 	C:\WINDOWS\System32\RPCRT4.dll
0x00007ffbbc960000 - 0x00007ffbbc987000 	C:\WINDOWS\System32\bcrypt.dll
0x00007ffbbdb70000 - 0x00007ffbbdd0d000 	C:\WINDOWS\System32\USER32.dll
0x00007ffbbc8a0000 - 0x00007ffbbc8c2000 	C:\WINDOWS\System32\win32u.dll
0x00007ffbbea10000 - 0x00007ffbbea3b000 	C:\WINDOWS\System32\GDI32.dll
0x00007ffbbd100000 - 0x00007ffbbd217000 	C:\WINDOWS\System32\gdi32full.dll
0x00007ffbbc9e0000 - 0x00007ffbbca7d000 	C:\WINDOWS\System32\msvcp_win.dll
0x00007ffbbcd00000 - 0x00007ffbbce00000 	C:\WINDOWS\System32\ucrtbase.dll
0x00007ffbab7a0000 - 0x00007ffbaba3a000 	C:\WINDOWS\WinSxS\amd64_microsoft.windows.common-controls_6595b64144ccf1df_6.0.19041.4355_none_60b8b9eb71f62e16\COMCTL32.dll
0x00007ffbbd500000 - 0x00007ffbbd52f000 	C:\WINDOWS\System32\IMM32.DLL
0x0000000051db0000 - 0x0000000051e82000 	C:\Program Files\Java\jdk1.8.0_111\jre\bin\msvcr100.dll
0x0000000051e90000 - 0x000000005272a000 	C:\Program Files\Java\jdk1.8.0_111\jre\bin\server\jvm.dll
0x00007ffbbd4f0000 - 0x00007ffbbd4f8000 	C:\WINDOWS\System32\PSAPI.DLL
0x00007ffbb2360000 - 0x00007ffbb2369000 	C:\WINDOWS\SYSTEM32\WSOCK32.dll
0x00007ffba8580000 - 0x00007ffba85a7000 	C:\WINDOWS\SYSTEM32\WINMM.dll
0x00007ffbb6150000 - 0x00007ffbb615a000 	C:\WINDOWS\SYSTEM32\VERSION.dll
0x00007ffbbdd10000 - 0x00007ffbbdd7b000 	C:\WINDOWS\System32\WS2_32.dll
0x0000000052c20000 - 0x0000000052c2f000 	C:\Program Files\Java\jdk1.8.0_111\jre\bin\verify.dll
0x0000000052bf0000 - 0x0000000052c19000 	C:\Program Files\Java\jdk1.8.0_111\jre\bin\java.dll
0x0000000052bd0000 - 0x0000000052be6000 	C:\Program Files\Java\jdk1.8.0_111\jre\bin\zip.dll

VM Arguments:
jvm_args: -Dfile.encoding=UTF-8 
java_command: bookingsys.MAIN
java_class_path (initial): C:\Users\russe\Downloads\sqlite-jdbc-3.30.1.jar;C:\Users\russe\OneDrive\Documents\NetBeansProjects\BOOKINGSYS\build\classes
Launcher Type: SUN_STANDARD

Environment Variables:
PATH=C:\ProgramData\Oracle\Java\javapath;C:\WINDOWS\system32;C:\WINDOWS;C:\WINDOWS\System32\Wbem;C:\WINDOWS\System32\WindowsPowerShell\v1.0\;C:\WINDOWS\System32\OpenSSH\;C:\Program Files\Git\cmd;%USERPROFILE%\AppData\Local\Microsoft\WindowsApps;C://UnLockCatch/tools/vcruntime;
USERNAME=russe
OS=Windows_NT
PROCESSOR_IDENTIFIER=Intel64 Family 6 Model 142 Stepping 9, GenuineIntel



---------------  S Y S T E M  ---------------

OS: Windows 10.0 , 64 bit Build 19041 (10.0.19041.4717)

CPU:total 4 (2 cores per cpu, 2 threads per core) family 6 model 142 stepping 9, cmov, cx8, fxsr, mmx, sse, sse2, sse3, ssse3, sse4.1, sse4.2, popcnt, avx, avx2, aes, clmul, erms, 3dnowpref, lzcnt, ht, tsc, tscinvbit, bmi1, bmi2, adx

Memory: 4k page, physical 7797968k(1002760k free), swap 22368056k(5588k free)

vm_info: Java HotSpot(TM) 64-Bit Server VM (25.111-b14) for windows-amd64 JRE (1.8.0_111-b14), built on Sep 22 2016 19:24:05 by "java_re" with MS VC++ 10.0 (VS2010)

time: Mon Dec 02 19:56:58 2024
elapsed time: 0 seconds (0d 0h 0m 0s)

